Arguments: 
  C:\Program Files\nodejs\node.exe C:\Users\life\AppData\Roaming\npm\node_modules\yarn\bin\yarn.js install

PATH: 
  C:\Users\life\bin;C:\Program Files\Git\mingw64\bin;C:\Program Files\Git\usr\local\bin;C:\Program Files\Git\usr\bin;C:\Program Files\Git\usr\bin;C:\Program Files\Git\mingw64\bin;C:\Program Files\Git\usr\bin;C:\Users\life\bin;C:\WINDOWS\system32;C:\WINDOWS;C:\WINDOWS\System32\Wbem;C:\WINDOWS\System32\WindowsPowerShell\v1.0;C:\WINDOWS\System32\OpenSSH;C:\Program Files\Git\cmd;C:\xampp\php;C:\ProgramData\ComposerSetup\bin;C:\Program Files\nodejs;C:\Program Files\MongoDB\Server\6.0\bin;C:\Program Files\MySQL\MySQL Shell 8.0\bin;C:\Users\life\AppData\Local\Microsoft\WindowsApps;C:\Users\life\AppData\Local\Programs\Microsoft VS Code\bin;C:\Users\life\AppData\Local\GitHubDesktop\bin;C:\Program Files (x86)\Brackets;C:\Users\life\AppData\Roaming\Composer\vendor\bin;C:\Users\life\AppData\Roaming\npm;C:\Program Files\Git\usr\bin\vendor_perl;C:\Program Files\Git\usr\bin\core_perl

Yarn version: 
  1.22.19

Node version: 
  18.16.0

Platform: 
  win32 x64

Trace: 
  Error: https://registry.yarnpkg.com/@mui/icons-material/-/icons-material-5.11.16.tgz: ESOCKETTIMEDOUT
      at ClientRequest.<anonymous> (C:\Users\life\AppData\Roaming\npm\node_modules\yarn\lib\cli.js:141517:19)
      at Object.onceWrapper (node:events:627:28)
      at ClientRequest.emit (node:events:513:28)
      at TLSSocket.emitRequestTimeout (node:_http_client:848:9)
      at Object.onceWrapper (node:events:627:28)
      at TLSSocket.emit (node:events:525:35)
      at Socket._onTimeout (node:net:570:8)
      at listOnTimeout (node:internal/timers:569:17)
      at process.processTimers (node:internal/timers:512:7)

npm manifest: 
  {
    "name": "lamadmin",
    "version": "0.1.0",
    "private": true,
    "dependencies": {
      "@emotion/react": "^11.8.1",
      "@emotion/styled": "^11.8.1",
      "@mui/icons-material": "^5.4.4",
      "@mui/material": "^5.4.4",
      "@mui/x-data-grid": "^5.5.1",
      "@testing-library/jest-dom": "^5.16.2",
      "@testing-library/react": "^12.1.3",
      "@testing-library/user-event": "^13.5.0",
      "react": "^17.0.2",
      "react-circular-progressbar": "^2.0.4",
      "react-dom": "^17.0.2",
      "react-router-dom": "^6.2.2",
      "react-scripts": "5.0.0",
      "recharts": "^2.1.9",
      "sass": "^1.49.9",
      "web-vitals": "^2.1.4"
    },
    "scripts": {
      "start": "react-scripts start",
      "build": "react-scripts build",
      "test": "react-scripts test",
      "eject": "react-scripts eject"
    },
    "eslintConfig": {
      "extends": [
        "react-app",
        "react-app/jest"
      ]
    },
    "browserslist": {
      "production": [
        ">0.2%",
        "not dead",
        "not op_mini all"
      ],
      "development": [
        "last 1 chrome version",
        "last 1 firefox version",
        "last 1 safari version"
      ]
    }
  }

yarn manifest: 
  No manifest

Lockfile: 
  No lockfile
